  main.cpp
  Unknown compiler version - please run the configure tests and report the results
E:\of_v0.9.8_vs_release\libs\openFrameworks\utils\ofLog.h : warning C4819: ファイルは、現在のコード ページ (932) で表示できない文字を含んでいます。データの損失を防ぐために、ファイルを Unicode 形式で保存してください。
E:\of_v0.9.8_vs_release\libs\openFrameworks\types\ofTypes.h : warning C4819: ファイルは、現在のコード ページ (932) で表示できない文字を含んでいます。データの損失を防ぐために、ファイルを Unicode 形式で保存してください。
e:\of_v0.9.8_vs_release\libs\openframeworks\types\ofColor.h : warning C4819: ファイルは、現在のコード ページ (932) で表示できない文字を含んでいます。データの損失を防ぐために、ファイルを Unicode 形式で保存してください。
e:\of_v0.9.8_vs_release\libs\openframeworks\math\ofVec3f.h : warning C4819: ファイルは、現在のコード ページ (932) で表示できない文字を含んでいます。データの損失を防ぐために、ファイルを Unicode 形式で保存してください。
e:\of_v0.9.8_vs_release\libs\openframeworks\math\ofVec2f.h : warning C4819: ファイルは、現在のコード ページ (932) で表示できない文字を含んでいます。データの損失を防ぐために、ファイルを Unicode 形式で保存してください。
e:\of_v0.9.8_vs_release\libs\openframeworks\types\ofColor.h(778): warning C4819: ファイルは、現在のコード ページ (932) で表示できない文字を含んでいます。データの損失を防ぐために、ファイルを Unicode 形式で保存してください。
E:\of_v0.9.8_vs_release\libs\openFrameworks\math\ofMatrix4x4.h(320): warning C4267: '引数': 'size_t' から 'int' に変換しました。データが失われているかもしれません。
E:\of_v0.9.8_vs_release\libs\openFrameworks\math\ofMatrix4x4.h(325): warning C4267: '引数': 'size_t' から 'int' に変換しました。データが失われているかもしれません。
E:\of_v0.9.8_vs_release\libs\openFrameworks\math\ofMatrix4x4.h(969): warning C4267: '引数': 'size_t' から 'int' に変換しました。データが失われているかもしれません。
E:\of_v0.9.8_vs_release\libs\openFrameworks\math\ofMatrix4x4.h(970): warning C4267: '引数': 'size_t' から 'int' に変換しました。データが失われているかもしれません。
E:\of_v0.9.8_vs_release\libs\openFrameworks\math\ofMatrix4x4.h(971): warning C4267: '引数': 'size_t' から 'int' に変換しました。データが失われているかもしれません。
E:\of_v0.9.8_vs_release\libs\openFrameworks\math\ofMatrix4x4.h(972): warning C4267: '引数': 'size_t' から 'int' に変換しました。データが失われているかもしれません。
E:\of_v0.9.8_vs_release\libs\openFrameworks\3d\ofMesh.h : warning C4819: ファイルは、現在のコード ページ (932) で表示できない文字を含んでいます。データの損失を防ぐために、ファイルを Unicode 形式で保存してください。
E:\of_v0.9.8_vs_release\libs\openFrameworks\graphics\ofPolyline.h : warning C4819: ファイルは、現在のコード ページ (932) で表示できない文字を含んでいます。データの損失を防ぐために、ファイルを Unicode 形式で保存してください。
E:\of_v0.9.8_vs_release\libs\openFrameworks\graphics\ofPath.h : warning C4819: ファイルは、現在のコード ページ (932) で表示できない文字を含んでいます。データの損失を防ぐために、ファイルを Unicode 形式で保存してください。
E:\of_v0.9.8_vs_release\libs\openFrameworks\3d\ofCamera.h : warning C4819: ファイルは、現在のコード ページ (932) で表示できない文字を含んでいます。データの損失を防ぐために、ファイルを Unicode 形式で保存してください。
E:\of_v0.9.8_vs_release\libs\openFrameworks\3d\ofEasyCam.h : warning C4819: ファイルは、現在のコード ページ (932) で表示できない文字を含んでいます。データの損失を防ぐために、ファイルを Unicode 形式で保存してください。
     ライブラリ bin\Digicon_Pitagora.lib とオブジェクト bin\Digicon_Pitagora.exp を作成中
  LINK : /LTCG が指定されましたが、コードの生成は必要ありません。リンク コマンド ラインから /LTCG を削除し、リンカーの性能を改善してください。
  Digicon_Pitagora.vcxproj -> E:\of_v0.9.8_vs_release\apps\myApps\Digicon_Pitagora\bin\Digicon_Pitagora.exe
  
  	                   9	E:\of_v0.9.8_vs_release\export\vs\x64\
  	  *EXTRA File 		 1266176	E:\of_v0.9.8_vs_release\apps\myApps\Digicon_Pitagora\bin\fmodex.dll
  	  *EXTRA File 		 1312768	E:\of_v0.9.8_vs_release\apps\myApps\Digicon_Pitagora\bin\fmodexL.dll
